app/build/intermediates/manifest_merge_blame_file/debug/manifest-merger-blame-debug-report.txt
1<?xml version="1.0" encoding="utf-8"?>
2<!--
3 Copyright (c) 2010-2011, The MiCode Open Source Community (www.micode.net)
4
5     Licensed under the Apache License, Version 2.0 (the "License");
6     you may not use this file except in compliance with the License.
7     You may obtain a copy of the License at
8
9          http://www.apache.org/licenses/LICENSE-2.0
10
11     Unless required by applicable law or agreed to in writing, software
12     distributed under the License is distributed on an "AS IS" BASIS,
13     WITHOUT WARRANTIES OR CONDITIONS OF ANY KIND, either express or implied.
14     See the License for the specific language governing permissions and
15     limitations under the License.
16-->
17<manifest xmlns:android="http://schemas.android.com/apk/res/android"
18    package="net.micode.notes"
19    android:versionCode="1"
20    android:versionName="0.1" >
21
22    <uses-sdk
22-->src\main\AndroidManifest.xml:23:5-44
23        android:minSdkVersion="14"
23-->src\main\AndroidManifest.xml:23:15-41
24        android:targetSdkVersion="14" />
24-->src\main\AndroidManifest.xml:23:5-44
25
26    <uses-permission android:name="android.permission.WRITE_EXTERNAL_STORAGE" />
26-->src\main\AndroidManifest.xml:25:5-81
26-->src\main\AndroidManifest.xml:25:22-78
27    <uses-permission android:name="com.android.launcher.permission.INSTALL_SHORTCUT" />
27-->src\main\AndroidManifest.xml:26:5-88
27-->src\main\AndroidManifest.xml:26:22-85
28    <uses-permission android:name="android.permission.INTERNET" />
28-->src\main\AndroidManifest.xml:27:5-67
28-->src\main\AndroidManifest.xml:27:22-64
29    <uses-permission android:name="android.permission.READ_CONTACTS" />
29-->src\main\AndroidManifest.xml:28:5-72
29-->src\main\AndroidManifest.xml:28:22-69
30    <uses-permission android:name="android.permission.MANAGE_ACCOUNTS" />
30-->src\main\AndroidManifest.xml:29:5-74
30-->src\main\AndroidManifest.xml:29:22-71
31    <uses-permission android:name="android.permission.AUTHENTICATE_ACCOUNTS" />
31-->src\main\AndroidManifest.xml:30:5-80
31-->src\main\AndroidManifest.xml:30:22-77
32    <uses-permission android:name="android.permission.GET_ACCOUNTS" />
32-->src\main\AndroidManifest.xml:31:5-71
32-->src\main\AndroidManifest.xml:31:22-68
33    <uses-permission android:name="android.permission.USE_CREDENTIALS" />
33-->src\main\AndroidManifest.xml:32:5-74
33-->src\main\AndroidManifest.xml:32:22-71
34    <uses-permission android:name="android.permission.RECEIVE_BOOT_COMPLETED" />
34-->src\main\AndroidManifest.xml:33:5-81
34-->src\main\AndroidManifest.xml:33:22-78
35    <!-- 应用名称和图标 -->
36    <application
36-->src\main\AndroidManifest.xml:36:5-152:19
37        android:debuggable="true"
38        android:icon="@drawable/icon_app"
38-->src\main\AndroidManifest.xml:37:9-42
39        android:label="@string/app_name"
39-->src\main\AndroidManifest.xml:38:9-41
40        android:testOnly="true" >
41        <activity
41-->src\main\AndroidManifest.xml:40:9-54:20
42            android:name="net.micode.notes.ui.NotesListActivity"
42-->src\main\AndroidManifest.xml:41:13-49
43            android:configChanges="keyboardHidden|orientation|screenSize"
43-->src\main\AndroidManifest.xml:42:13-74
44            android:label="@string/app_name"
44-->src\main\AndroidManifest.xml:43:13-45
45            android:launchMode="singleTop"
45-->src\main\AndroidManifest.xml:44:13-43
46            android:theme="@style/NoteTheme"
46-->src\main\AndroidManifest.xml:45:13-45
47            android:uiOptions="splitActionBarWhenNarrow"
47-->src\main\AndroidManifest.xml:46:13-57
48            android:windowSoftInputMode="adjustPan" >
48-->src\main\AndroidManifest.xml:47:13-52
49            <intent-filter>
49-->src\main\AndroidManifest.xml:49:13-53:29
50
51                <!-- 应用程序入口 -->
52                <action android:name="android.intent.action.MAIN" />
52-->src\main\AndroidManifest.xml:51:17-69
52-->src\main\AndroidManifest.xml:51:25-66
53
54                <category android:name="android.intent.category.LAUNCHER" />
54-->src\main\AndroidManifest.xml:52:17-77
54-->src\main\AndroidManifest.xml:52:27-74
55            </intent-filter>
56        </activity>
57        <activity
57-->src\main\AndroidManifest.xml:56:9-84:20
58            android:name="net.micode.notes.ui.NoteEditActivity"
58-->src\main\AndroidManifest.xml:57:13-48
59            android:configChanges="keyboardHidden|orientation|screenSize"
59-->src\main\AndroidManifest.xml:58:13-74
60            android:launchMode="singleTop"
60-->src\main\AndroidManifest.xml:59:13-43
61            android:theme="@style/NoteTheme" >
61-->src\main\AndroidManifest.xml:60:13-45
62            <intent-filter>
62-->src\main\AndroidManifest.xml:62:13-67:29
63                <action android:name="android.intent.action.VIEW" />
63-->src\main\AndroidManifest.xml:63:17-69
63-->src\main\AndroidManifest.xml:63:25-66
64
65                <category android:name="android.intent.category.DEFAULT" />
65-->src\main\AndroidManifest.xml:64:17-76
65-->src\main\AndroidManifest.xml:64:27-73
66
67                <data android:mimeType="vnd.android.cursor.item/text_note" />
67-->src\main\AndroidManifest.xml:65:17-78
67-->src\main\AndroidManifest.xml:65:23-75
68                <data android:mimeType="vnd.android.cursor.item/call_note" />
68-->src\main\AndroidManifest.xml:65:17-78
68-->src\main\AndroidManifest.xml:65:23-75
69            </intent-filter>
70            <intent-filter>
70-->src\main\AndroidManifest.xml:69:13-74:29
71                <action android:name="android.intent.action.INSERT_OR_EDIT" />
71-->src\main\AndroidManifest.xml:70:17-79
71-->src\main\AndroidManifest.xml:70:25-76
72
73                <category android:name="android.intent.category.DEFAULT" />
73-->src\main\AndroidManifest.xml:64:17-76
73-->src\main\AndroidManifest.xml:64:27-73
74
75                <data android:mimeType="vnd.android.cursor.item/text_note" />
75-->src\main\AndroidManifest.xml:65:17-78
75-->src\main\AndroidManifest.xml:65:23-75
76                <data android:mimeType="vnd.android.cursor.item/call_note" />
76-->src\main\AndroidManifest.xml:65:17-78
76-->src\main\AndroidManifest.xml:65:23-75
77            </intent-filter>
78            <intent-filter>
78-->src\main\AndroidManifest.xml:76:13-79:29
79                <action android:name="android.intent.action.SEARCH" />
79-->src\main\AndroidManifest.xml:77:17-71
79-->src\main\AndroidManifest.xml:77:25-68
80
81                <category android:name="android.intent.category.DEFAULT" />
81-->src\main\AndroidManifest.xml:64:17-76
81-->src\main\AndroidManifest.xml:64:27-73
82            </intent-filter>
83
84            <meta-data
84-->src\main\AndroidManifest.xml:81:13-83:54
85                android:name="android.app.searchable"
85-->src\main\AndroidManifest.xml:82:17-54
86                android:resource="@xml/searchable" />
86-->src\main\AndroidManifest.xml:83:17-51
87        </activity>
88
89        <provider
89-->src\main\AndroidManifest.xml:86:9-89:43
90            android:name="net.micode.notes.data.NotesProvider"
90-->src\main\AndroidManifest.xml:87:13-63
91            android:authorities="micode_notes"
91-->src\main\AndroidManifest.xml:88:13-47
92            android:multiprocess="true" />
92-->src\main\AndroidManifest.xml:89:13-40
93
94        <receiver
94-->src\main\AndroidManifest.xml:91:9-103:20
95            android:name="net.micode.notes.widget.NoteWidgetProvider_2x"
95-->src\main\AndroidManifest.xml:92:13-57
96            android:label="@string/app_widget2x2" >
96-->src\main\AndroidManifest.xml:93:13-50
97            <intent-filter>
97-->src\main\AndroidManifest.xml:94:13-98:29
98                <action android:name="android.appwidget.action.APPWIDGET_UPDATE" />
98-->src\main\AndroidManifest.xml:95:17-84
98-->src\main\AndroidManifest.xml:95:25-81
99                <action android:name="android.appwidget.action.APPWIDGET_DELETED" />
99-->src\main\AndroidManifest.xml:96:17-85
99-->src\main\AndroidManifest.xml:96:25-82
100                <action android:name="android.intent.action.PRIVACY_MODE_CHANGED" />
100-->src\main\AndroidManifest.xml:97:17-85
100-->src\main\AndroidManifest.xml:97:25-82
101            </intent-filter>
102
103            <meta-data
103-->src\main\AndroidManifest.xml:100:13-102:58
104                android:name="android.appwidget.provider"
104-->src\main\AndroidManifest.xml:101:17-58
105                android:resource="@xml/widget_2x_info" />
105-->src\main\AndroidManifest.xml:102:17-55
106        </receiver>
107        <receiver
107-->src\main\AndroidManifest.xml:104:9-117:20
108            android:name="net.micode.notes.widget.NoteWidgetProvider_4x"
108-->src\main\AndroidManifest.xml:105:13-57
109            android:label="@string/app_widget4x4" >
109-->src\main\AndroidManifest.xml:106:13-50
110            <intent-filter>
110-->src\main\AndroidManifest.xml:94:13-98:29
111                <action android:name="android.appwidget.action.APPWIDGET_UPDATE" />
111-->src\main\AndroidManifest.xml:95:17-84
111-->src\main\AndroidManifest.xml:95:25-81
112                <action android:name="android.appwidget.action.APPWIDGET_DELETED" />
112-->src\main\AndroidManifest.xml:96:17-85
112-->src\main\AndroidManifest.xml:96:25-82
113                <action android:name="android.intent.action.PRIVACY_MODE_CHANGED" />
113-->src\main\AndroidManifest.xml:97:17-85
113-->src\main\AndroidManifest.xml:97:25-82
114            </intent-filter>
115
116            <meta-data
116-->src\main\AndroidManifest.xml:100:13-102:58
117                android:name="android.appwidget.provider"
117-->src\main\AndroidManifest.xml:101:17-58
118                android:resource="@xml/widget_4x_info" />
118-->src\main\AndroidManifest.xml:102:17-55
119        </receiver>
120        <receiver android:name="net.micode.notes.ui.AlarmInitReceiver" >
120-->src\main\AndroidManifest.xml:119:9-123:20
120-->src\main\AndroidManifest.xml:119:19-55
121            <intent-filter>
121-->src\main\AndroidManifest.xml:120:13-122:29
122                <action android:name="android.intent.action.BOOT_COMPLETED" />
122-->src\main\AndroidManifest.xml:121:17-79
122-->src\main\AndroidManifest.xml:121:25-76
123            </intent-filter>
124        </receiver>
125        <receiver
125-->src\main\AndroidManifest.xml:125:9-128:20
126            android:name="net.micode.notes.ui.AlarmReceiver"
126-->src\main\AndroidManifest.xml:126:13-61
127            android:process=":remote" >
127-->src\main\AndroidManifest.xml:127:13-38
128        </receiver>
129
130        <activity
130-->src\main\AndroidManifest.xml:130:9-135:20
131            android:name="net.micode.notes.ui.AlarmAlertActivity"
131-->src\main\AndroidManifest.xml:131:13-50
132            android:label="@string/app_name"
132-->src\main\AndroidManifest.xml:132:13-45
133            android:launchMode="singleInstance"
133-->src\main\AndroidManifest.xml:133:13-48
134            android:theme="@android:style/Theme.Holo.Wallpaper.NoTitleBar" >
134-->src\main\AndroidManifest.xml:134:13-75
135        </activity>
136        <activity
136-->src\main\AndroidManifest.xml:137:9-142:20
137            android:name="net.micode.notes.ui.NotesPreferenceActivity"
137-->src\main\AndroidManifest.xml:138:13-71
138            android:label="@string/preferences_title"
138-->src\main\AndroidManifest.xml:139:13-54
139            android:launchMode="singleTop"
139-->src\main\AndroidManifest.xml:140:13-43
140            android:theme="@android:style/Theme.Holo.Light" >
140-->src\main\AndroidManifest.xml:141:13-60
141        </activity>
142
143        <service
143-->src\main\AndroidManifest.xml:144:9-147:19
144            android:name="net.micode.notes.gtask.remote.GTaskSyncService"
144-->src\main\AndroidManifest.xml:145:13-74
145            android:exported="false" >
145-->src\main\AndroidManifest.xml:146:13-37
146        </service>
147
148        <meta-data
148-->src\main\AndroidManifest.xml:149:9-151:52
149            android:name="android.app.default_searchable"
149-->src\main\AndroidManifest.xml:150:13-58
150            android:value=".ui.NoteEditActivity" />
150-->src\main\AndroidManifest.xml:151:13-49
151    </application>
152
153</manifest>